<?xml version="1.0" encoding="UTF-8"?>
<!-- Generated by org.testng.reporters.JUnitReportReporter -->
<testsuite skipped="0" hostname="DESKTOP-947DOM6" name="qaclickacademy.SeleniumTest" tests="2" failures="0" timestamp="03 Apr 2019 23:53:05 GMT" time="0.001" errors="0">
  <testcase name="browserAutomate" time="0.000" classname="qaclickacademy.SeleniumTest"/>
  <testcase name="elementUi" time="0.001" classname="qaclickacademy.SeleniumTest"/>
</testsuite> <!-- qaclickacademy.SeleniumTest -->
